2023-11-08T00:55:11.300Z: WakaTime.vscode-wakatime2023-11-08T00:55:11.362Z: vscode.commands.registerCommand is accessed. parameters: {"id":"wakatime.apikey"}, response: {} 
2023-11-08T00:55:11.363Z: vscode.commands.registerCommand is accessed. parameters: {"id":"wakatime.debug"}, response: {} 
2023-11-08T00:55:11.363Z: vscode.commands.registerCommand is accessed. parameters: {"id":"wakatime.disable"}, response: {} 
2023-11-08T00:55:11.362Z: vscode.commands.registerCommand is accessed. parameters: {"id":"wakatime.proxy"}, response: {} 
2023-11-08T00:55:11.363Z: vscode.commands.registerCommand is accessed. parameters: {"id":"wakatime.status_bar_coding_activity"}, response: {} 
2023-11-08T00:55:11.363Z: vscode.commands.registerCommand is accessed. parameters: {"id":"wakatime.dashboard"}, response: {} 
2023-11-08T00:55:11.363Z: vscode.commands.registerCommand is accessed. parameters: {"id":"wakatime.status_bar_enabled"}, response: {} 
2023-11-08T00:55:11.363Z: vscode.commands.registerCommand is accessed. parameters: {"id":"wakatime.log_file"}, response: {} 
2023-11-08T00:55:11.363Z: vscode.commands.registerCommand is accessed. parameters: {"id":"wakatime.config_file"}, response: {} 
2023-11-08T00:55:11.365Z: vscode.extensions.getExtension is accessed. parameters: {"extensionId":"WakaTime.vscode-wakatime","checkscope":"extensionsAny"}, response: {"id":"WakaTime.vscode-wakatime","extensionPath":"c:\\Users\\User\\.vscode-oss\\extensions\\wakatime.vscode-wakatime-24.4.0","extensionKind":1,"isFromDifferentExtensionHost":false} 
2023-11-08T00:55:11.367Z: vscode.window.createStatusBarItem is accessed. parameters: {"alignmentOrId":"com.wakatime.statusbar","priorityOrAlignment":1,"priorityArg":3}, response: {"i":false,"k":"","c":"wakatime.vscode-wakatime.com.wakatime.statusbar","f":"com.wakatime.statusbar","g":1,"h":3} 
2023-11-08T00:55:11.367Z: vscode.window.createStatusBarItem is accessed. parameters: {"alignmentOrId":"com.wakatime.teamyou","priorityOrAlignment":1,"priorityArg":2}, response: {"i":false,"k":"","c":"wakatime.vscode-wakatime.com.wakatime.teamyou","f":"com.wakatime.teamyou","g":1,"h":2} 
2023-11-08T00:55:11.367Z: vscode.window.createStatusBarItem is accessed. parameters: {"alignmentOrId":"com.wakatime.teamother","priorityOrAlignment":1,"priorityArg":1}, response: {"i":false,"k":"","c":"wakatime.vscode-wakatime.com.wakatime.teamother","f":"com.wakatime.teamother","g":1,"h":1} 
2023-11-08T00:55:11.369Z: vscode.workspace.getConfiguration is accessed. parameters: {}, response: {} 
2023-11-08T00:55:11.370Z: vscode.window.onDidChangeTextEditorSelection is accessed. parameters: {}, response: {} 
2023-11-08T00:55:11.370Z: vscode.window.onDidChangeActiveTextEditor is accessed. parameters: {}, response: {} 
2023-11-08T00:55:11.371Z: vscode.tasks.onDidStartTask is accessed. parameters: {}, response: {} 
2023-11-08T00:55:11.370Z: vscode.workspace.onDidSaveTextDocument is accessed. parameters: {}, response: {} 
2023-11-08T00:55:11.371Z: vscode.debug.onDidChangeActiveDebugSession is accessed. parameters: {}, response: {} 
2023-11-08T00:55:11.372Z: vscode.debug.onDidChangeBreakpoints is accessed. parameters: {}, response: {} 
2023-11-08T00:55:11.372Z: vscode.debug.onDidStartDebugSession is accessed. parameters: {}, response: {} 
2023-11-08T00:55:11.371Z: vscode.tasks.onDidEndTask is accessed. parameters: {}, response: {} 
2023-11-08T00:55:11.372Z: vscode.debug.onDidTerminateDebugSession is accessed. parameters: {}, response: {} 
2023-11-08T00:55:11.411Z: vscode.workspace.getConfiguration is accessed. parameters: {}, response: {} 
2023-11-08T00:55:11.493Z: vscode.window.showInputBox is accessed. parameters: {}, response: {} 
2023-11-08T00:55:18.291Z: vscode.workspace.getConfiguration is accessed. parameters: {}, response: {} 
2023-11-08T00:56:49.831Z: vscode.window.activeTextEditor is accessed. parameters: "", response: {"viewColumn":1} 
2023-11-08T00:56:49.832Z: vscode.workspace.getConfiguration is accessed. parameters: {}, response: {} 
2023-11-08T00:56:49.835Z: vscode.workspace.getConfiguration is accessed. parameters: {}, response: {} 
2023-11-08T00:56:49.838Z: vscode.window.showInputBox is accessed. parameters: {}, response: {} 
2023-11-08T00:56:49.847Z: vscode.window.setStatusBarMessage is accessed. parameters: {"text":"WakaTime api key not provided"}, response: {} 
2023-11-08T00:58:47.687Z: vscode.window.activeTextEditor is accessed. parameters: "", response: {"viewColumn":1} 
2023-11-08T00:58:47.687Z: vscode.workspace.getConfiguration is accessed. parameters: {}, response: {} 
2023-11-08T00:58:47.875Z: vscode.workspace.getWorkspaceFolder is accessed. parameters: {}, response: {"name":"vsc-test-suite","index":0} 
2023-11-08T00:58:47.875Z: vscode.workspace.getWorkspaceFolder is accessed. parameters: {}, response: {"name":"vsc-test-suite","index":0} 
2023-11-08T00:58:48.222Z: vscode.window.activeTextEditor is accessed. parameters: "", response: {"viewColumn":1} 
2023-11-08T00:58:48.887Z: vscode.window.activeTextEditor is accessed. parameters: "", response: {"viewColumn":1} 
2023-11-08T00:58:49.092Z: vscode.window.activeTextEditor is accessed. parameters: "", response: {"viewColumn":1} 
2023-11-08T00:58:49.886Z: vscode.window.activeTextEditor is accessed. parameters: "", response: {"viewColumn":1} 
2023-11-08T00:58:50.301Z: vscode.window.activeTextEditor is accessed. parameters: "", response: {"viewColumn":1} 
2023-11-08T00:58:51.343Z: vscode.window.activeTextEditor is accessed. parameters: "", response: {"viewColumn":1} 
2023-11-08T00:58:52.299Z: vscode.window.activeTextEditor is accessed. parameters: "", response: {"viewColumn":1} 
2023-11-08T00:58:52.782Z: vscode.window.activeTextEditor is accessed. parameters: "", response: {"viewColumn":1} 
2023-11-08T00:58:52.783Z: vscode.workspace.getWorkspaceFolder is accessed. parameters: {}, response: {"name":"vsc-test-suite","index":0} 
2023-11-08T00:58:52.783Z: vscode.workspace.getWorkspaceFolder is accessed. parameters: {}, response: {"name":"vsc-test-suite","index":0} 
2023-11-08T11:53:24.422Z: vscode.window.activeTextEditor is accessed. parameters: "", response: {"viewColumn":1} 
2023-11-08T11:53:24.423Z: vscode.workspace.getWorkspaceFolder is accessed. parameters: {}, response: {"name":"vsc-test-suite","index":0} 
2023-11-08T11:53:24.423Z: vscode.workspace.getWorkspaceFolder is accessed. parameters: {}, response: {"name":"vsc-test-suite","index":0} 
2023-11-08T11:53:25.337Z: vscode.window.activeTextEditor is accessed. parameters: "", response: {"viewColumn":1} 
2023-11-08T11:53:25.445Z: vscode.window.activeTextEditor is accessed. parameters: "", response: {"viewColumn":1} 
2023-11-08T11:53:25.954Z: vscode.window.activeTextEditor is accessed. parameters: "", response: {"viewColumn":1} 
2023-11-08T11:53:25.954Z: vscode.workspace.getWorkspaceFolder is accessed. parameters: {}, response: {"name":"vsc-test-suite","index":0} 
2023-11-08T11:53:25.954Z: vscode.workspace.getWorkspaceFolder is accessed. parameters: {}, response: {"name":"vsc-test-suite","index":0} 
2023-11-08T11:53:26.751Z: vscode.window.activeTextEditor is accessed. parameters: "", response: {"viewColumn":1} 
2023-11-08T11:53:27.434Z: vscode.window.activeTextEditor is accessed. parameters: "", response: {"viewColumn":1} 
2023-11-08T11:53:27.434Z: vscode.workspace.getWorkspaceFolder is accessed. parameters: {}, response: {"name":"vsc-test-suite","index":0} 
2023-11-08T11:53:27.434Z: vscode.workspace.getWorkspaceFolder is accessed. parameters: {}, response: {"name":"vsc-test-suite","index":0} 
2023-11-08T11:53:44.474Z: vscode.window.activeTextEditor is accessed. parameters: "", response: {"viewColumn":1} 
2023-11-08T11:53:45.793Z: vscode.window.activeTextEditor is accessed. parameters: "", response: {"viewColumn":1} 
2023-11-08T11:53:51.124Z: vscode.window.activeTextEditor is accessed. parameters: "", response: {"viewColumn":1} 
2023-11-08T11:53:51.279Z: vscode.window.activeTextEditor is accessed. parameters: "", response: {"viewColumn":1} 
2023-11-08T11:53:51.357Z: vscode.window.activeTextEditor is accessed. parameters: "", response: {"viewColumn":1} 
2023-11-08T11:53:51.728Z: vscode.window.activeTextEditor is accessed. parameters: "", response: {"viewColumn":1} 
2023-11-08T11:53:52.291Z: vscode.window.activeTextEditor is accessed. parameters: "", response: {"viewColumn":1} 
2023-11-08T11:53:52.591Z: vscode.window.activeTextEditor is accessed. parameters: "", response: {"viewColumn":1} 
2023-11-08T11:53:53.421Z: vscode.window.activeTextEditor is accessed. parameters: "", response: {"viewColumn":1} 
2023-11-08T11:53:53.825Z: vscode.window.activeTextEditor is accessed. parameters: "", response: {"viewColumn":1} 
2023-11-08T11:53:53.826Z: vscode.workspace.getWorkspaceFolder is accessed. parameters: {}, response: {"name":"vsc-test-suite","index":0} 
2023-11-08T11:53:53.826Z: vscode.workspace.getWorkspaceFolder is accessed. parameters: {}, response: {"name":"vsc-test-suite","index":0} 
2023-11-08T11:53:55.069Z: vscode.window.activeTextEditor is accessed. parameters: "", response: {"viewColumn":1} 
2023-11-08T11:53:57.351Z: vscode.window.activeTextEditor is accessed. parameters: "", response: {"viewColumn":1} 
2023-11-08T11:53:59.099Z: vscode.window.activeTextEditor is accessed. parameters: "", response: {"viewColumn":1} 
2023-11-08T11:53:59.458Z: vscode.window.activeTextEditor is accessed. parameters: "", response: {"viewColumn":1} 
2023-11-08T11:53:59.458Z: vscode.workspace.getWorkspaceFolder is accessed. parameters: {}, response: {"name":"vsc-test-suite","index":0} 
2023-11-08T11:53:59.458Z: vscode.workspace.getWorkspaceFolder is accessed. parameters: {}, response: {"name":"vsc-test-suite","index":0} 
2023-11-08T11:54:29.432Z: vscode.window.activeTextEditor is accessed. parameters: "", response: {"viewColumn":1} 
2023-11-08T11:54:30.822Z: vscode.window.activeTextEditor is accessed. parameters: "", response: {"viewColumn":1} 
2023-11-08T11:55:06.019Z: WakaTime.vscode-wakatime2023-11-08T11:55:06.482Z: vscode.commands.registerCommand is accessed. parameters: {"id":"wakatime.apikey"}, response: {} 
2023-11-08T11:55:06.483Z: vscode.commands.registerCommand is accessed. parameters: {"id":"wakatime.proxy"}, response: {} 
2023-11-08T11:55:06.483Z: vscode.commands.registerCommand is accessed. parameters: {"id":"wakatime.debug"}, response: {} 
2023-11-08T11:55:06.484Z: vscode.commands.registerCommand is accessed. parameters: {"id":"wakatime.disable"}, response: {} 
2023-11-08T11:55:06.484Z: vscode.commands.registerCommand is accessed. parameters: {"id":"wakatime.status_bar_enabled"}, response: {} 
2023-11-08T11:55:06.484Z: vscode.commands.registerCommand is accessed. parameters: {"id":"wakatime.status_bar_coding_activity"}, response: {} 
2023-11-08T11:55:06.485Z: vscode.commands.registerCommand is accessed. parameters: {"id":"wakatime.dashboard"}, response: {} 
2023-11-08T11:55:06.485Z: vscode.commands.registerCommand is accessed. parameters: {"id":"wakatime.config_file"}, response: {} 
2023-11-08T11:55:06.485Z: vscode.commands.registerCommand is accessed. parameters: {"id":"wakatime.log_file"}, response: {} 
2023-11-08T11:55:07.738Z: vscode.extensions.getExtension is accessed. parameters: {"extensionId":"WakaTime.vscode-wakatime","checkscope":"extensionsAny"}, response: {"id":"WakaTime.vscode-wakatime","extensionPath":"c:\\Users\\User\\.vscode-oss\\extensions\\wakatime.vscode-wakatime-24.4.0","extensionKind":1,"isFromDifferentExtensionHost":false} 
2023-11-08T11:55:07.740Z: vscode.window.createStatusBarItem is accessed. parameters: {"alignmentOrId":"com.wakatime.statusbar","priorityOrAlignment":1,"priorityArg":3}, response: {"i":false,"k":"","c":"wakatime.vscode-wakatime.com.wakatime.statusbar","f":"com.wakatime.statusbar","g":1,"h":3} 
2023-11-08T11:55:07.740Z: vscode.window.createStatusBarItem is accessed. parameters: {"alignmentOrId":"com.wakatime.teamyou","priorityOrAlignment":1,"priorityArg":2}, response: {"i":false,"k":"","c":"wakatime.vscode-wakatime.com.wakatime.teamyou","f":"com.wakatime.teamyou","g":1,"h":2} 
2023-11-08T11:55:07.740Z: vscode.window.createStatusBarItem is accessed. parameters: {"alignmentOrId":"com.wakatime.teamother","priorityOrAlignment":1,"priorityArg":1}, response: {"i":false,"k":"","c":"wakatime.vscode-wakatime.com.wakatime.teamother","f":"com.wakatime.teamother","g":1,"h":1} 
2023-11-08T11:55:07.751Z: vscode.workspace.getConfiguration is accessed. parameters: {}, response: {} 
2023-11-08T11:55:07.752Z: vscode.window.onDidChangeTextEditorSelection is accessed. parameters: {}, response: {} 
2023-11-08T11:55:07.752Z: vscode.window.onDidChangeActiveTextEditor is accessed. parameters: {}, response: {} 
2023-11-08T11:55:07.752Z: vscode.workspace.onDidSaveTextDocument is accessed. parameters: {}, response: {} 
2023-11-08T11:55:07.753Z: vscode.tasks.onDidEndTask is accessed. parameters: {}, response: {} 
2023-11-08T11:55:07.754Z: vscode.debug.onDidChangeActiveDebugSession is accessed. parameters: {}, response: {} 
2023-11-08T11:55:07.754Z: vscode.debug.onDidChangeBreakpoints is accessed. parameters: {}, response: {} 
2023-11-08T11:55:07.755Z: vscode.debug.onDidStartDebugSession is accessed. parameters: {}, response: {} 
2023-11-08T11:55:07.755Z: vscode.debug.onDidTerminateDebugSession is accessed. parameters: {}, response: {} 
2023-11-08T11:55:07.753Z: vscode.tasks.onDidStartTask is accessed. parameters: {}, response: {} 
2023-11-08T11:55:24.320Z: vscode.window.activeTextEditor is accessed. parameters: "", response: {"viewColumn":1} 
2023-11-08T11:55:24.322Z: vscode.workspace.getWorkspaceFolder is accessed. parameters: {}, response: {"name":"vsc-test-suite","index":0} 
2023-11-08T11:55:24.323Z: vscode.workspace.getWorkspaceFolder is accessed. parameters: {}, response: {"name":"vsc-test-suite","index":0} 
2023-11-08T11:55:25.817Z: vscode.window.activeTextEditor is accessed. parameters: "", response: {"viewColumn":1} 
2023-11-08T11:55:28.313Z: vscode.window.activeTextEditor is accessed. parameters: "", response: {"viewColumn":1} 
2023-11-08T11:55:29.336Z: vscode.window.activeTextEditor is accessed. parameters: "", response: {"viewColumn":1} 
2023-11-08T11:55:29.677Z: vscode.window.activeTextEditor is accessed. parameters: "", response: {"viewColumn":1} 
2023-11-08T11:55:33.080Z: vscode.window.activeTextEditor is accessed. parameters: "", response: {"viewColumn":1} 
2023-11-08T11:55:33.935Z: vscode.window.activeTextEditor is accessed. parameters: "", response: {"viewColumn":1} 
2023-11-08T11:55:35.607Z: vscode.window.activeTextEditor is accessed. parameters: "", response: {"viewColumn":1} 
2023-11-08T11:55:36.433Z: vscode.workspace.getWorkspaceFolder is accessed. parameters: {}, response: {"name":"vsc-test-suite","index":0} 
2023-11-08T11:55:36.433Z: vscode.workspace.getWorkspaceFolder is accessed. parameters: {}, response: {"name":"vsc-test-suite","index":0} 
2023-11-08T11:55:36.432Z: vscode.window.activeTextEditor is accessed. parameters: "", response: {"viewColumn":1} 
2023-11-08T11:55:45.670Z: WakaTime.vscode-wakatime2023-11-08T11:55:46.085Z: vscode.commands.registerCommand is accessed. parameters: {"id":"wakatime.apikey"}, response: {} 
2023-11-08T11:55:46.086Z: vscode.commands.registerCommand is accessed. parameters: {"id":"wakatime.disable"}, response: {} 
2023-11-08T11:55:46.085Z: vscode.commands.registerCommand is accessed. parameters: {"id":"wakatime.proxy"}, response: {} 
2023-11-08T11:55:46.087Z: vscode.commands.registerCommand is accessed. parameters: {"id":"wakatime.status_bar_enabled"}, response: {} 
2023-11-08T11:55:46.087Z: vscode.commands.registerCommand is accessed. parameters: {"id":"wakatime.dashboard"}, response: {} 
2023-11-08T11:55:46.088Z: vscode.commands.registerCommand is accessed. parameters: {"id":"wakatime.config_file"}, response: {} 
2023-11-08T11:55:46.088Z: vscode.commands.registerCommand is accessed. parameters: {"id":"wakatime.log_file"}, response: {} 
2023-11-08T11:55:46.087Z: vscode.commands.registerCommand is accessed. parameters: {"id":"wakatime.status_bar_coding_activity"}, response: {} 
2023-11-08T11:55:46.086Z: vscode.commands.registerCommand is accessed. parameters: {"id":"wakatime.debug"}, response: {} 
2023-11-08T11:55:46.093Z: vscode.extensions.getExtension is accessed. parameters: {"extensionId":"WakaTime.vscode-wakatime","checkscope":"extensionsAny"}, response: {"id":"WakaTime.vscode-wakatime","extensionPath":"c:\\Users\\User\\.vscode-oss\\extensions\\wakatime.vscode-wakatime-24.4.0","extensionKind":1,"isFromDifferentExtensionHost":false} 
2023-11-08T11:55:46.095Z: vscode.window.createStatusBarItem is accessed. parameters: {"alignmentOrId":"com.wakatime.statusbar","priorityOrAlignment":1,"priorityArg":3}, response: {"i":false,"k":"","c":"wakatime.vscode-wakatime.com.wakatime.statusbar","f":"com.wakatime.statusbar","g":1,"h":3} 
2023-11-08T11:55:46.096Z: vscode.window.createStatusBarItem is accessed. parameters: {"alignmentOrId":"com.wakatime.teamyou","priorityOrAlignment":1,"priorityArg":2}, response: {"i":false,"k":"","c":"wakatime.vscode-wakatime.com.wakatime.teamyou","f":"com.wakatime.teamyou","g":1,"h":2} 
2023-11-08T11:55:46.096Z: vscode.window.createStatusBarItem is accessed. parameters: {"alignmentOrId":"com.wakatime.teamother","priorityOrAlignment":1,"priorityArg":1}, response: {"i":false,"k":"","c":"wakatime.vscode-wakatime.com.wakatime.teamother","f":"com.wakatime.teamother","g":1,"h":1} 
2023-11-08T11:55:46.101Z: vscode.workspace.getConfiguration is accessed. parameters: {}, response: {} 
2023-11-08T11:55:46.102Z: vscode.window.onDidChangeTextEditorSelection is accessed. parameters: {}, response: {} 
2023-11-08T11:55:46.102Z: vscode.tasks.onDidStartTask is accessed. parameters: {}, response: {} 
2023-11-08T11:55:46.103Z: vscode.tasks.onDidEndTask is accessed. parameters: {}, response: {} 
2023-11-08T11:55:46.103Z: vscode.debug.onDidChangeActiveDebugSession is accessed. parameters: {}, response: {} 
2023-11-08T11:55:46.104Z: vscode.debug.onDidChangeBreakpoints is accessed. parameters: {}, response: {} 
2023-11-08T11:55:46.102Z: vscode.window.onDidChangeActiveTextEditor is accessed. parameters: {}, response: {} 
2023-11-08T11:55:46.104Z: vscode.debug.onDidStartDebugSession is accessed. parameters: {}, response: {} 
2023-11-08T11:55:46.105Z: vscode.debug.onDidTerminateDebugSession is accessed. parameters: {}, response: {} 
2023-11-08T11:55:46.102Z: vscode.workspace.onDidSaveTextDocument is accessed. parameters: {}, response: {} 
2023-11-08T11:55:46.791Z: vscode.window.activeTextEditor is accessed. parameters: "", response: {"viewColumn":1} 
2023-11-08T11:55:46.795Z: vscode.workspace.getWorkspaceFolder is accessed. parameters: {}, response: {"name":"vsc-test-suite","index":0} 
2023-11-08T11:55:46.794Z: vscode.workspace.getWorkspaceFolder is accessed. parameters: {}, response: {"name":"vsc-test-suite","index":0} 
2023-11-08T11:55:47.530Z: vscode.window.activeTextEditor is accessed. parameters: "", response: {"viewColumn":1} 
2023-11-08T11:56:00.707Z: vscode.window.activeTextEditor is accessed. parameters: "", response: {"viewColumn":1} 
2023-11-08T11:56:01.636Z: vscode.window.activeTextEditor is accessed. parameters: "", response: {"viewColumn":1} 
2023-11-08T11:56:02.890Z: vscode.window.activeTextEditor is accessed. parameters: "", response: {"viewColumn":1} 
2023-11-08T11:56:03.700Z: vscode.window.activeTextEditor is accessed. parameters: "", response: {"viewColumn":1} 
2023-11-08T11:56:03.701Z: vscode.workspace.getWorkspaceFolder is accessed. parameters: {}, response: {"name":"vsc-test-suite","index":0} 
2023-11-08T11:56:03.701Z: vscode.workspace.getWorkspaceFolder is accessed. parameters: {}, response: {"name":"vsc-test-suite","index":0} 
2023-11-08T11:56:52.234Z: vscode.window.activeTextEditor is accessed. parameters: "", response: {"viewColumn":1} 
2023-11-08T11:56:52.967Z: vscode.window.activeTextEditor is accessed. parameters: "", response: {"viewColumn":1} 
2023-11-08T11:56:53.483Z: vscode.window.activeTextEditor is accessed. parameters: "", response: {"viewColumn":1} 
2023-11-08T11:56:54.296Z: vscode.window.activeTextEditor is accessed. parameters: "", response: {"viewColumn":1} 
2023-11-08T11:56:54.978Z: vscode.window.activeTextEditor is accessed. parameters: "", response: {"viewColumn":1} 
2023-11-08T11:56:54.979Z: vscode.workspace.getWorkspaceFolder is accessed. parameters: {}, response: {"name":"vsc-test-suite","index":0} 
2023-11-08T11:56:54.980Z: vscode.workspace.getWorkspaceFolder is accessed. parameters: {}, response: {"name":"vsc-test-suite","index":0} 
2023-11-08T11:57:00.268Z: vscode.window.activeTextEditor is accessed. parameters: "", response: {} 
2023-11-08T12:04:51.784Z: vscode.window.activeTextEditor is accessed. parameters: "", response: {"viewColumn":1} 
2023-11-08T12:04:51.785Z: vscode.workspace.getWorkspaceFolder is accessed. parameters: {}, response: {"name":"vsc-test-suite","index":0} 
2023-11-08T12:04:51.785Z: vscode.workspace.getWorkspaceFolder is accessed. parameters: {}, response: {"name":"vsc-test-suite","index":0} 
2023-11-08T12:04:52.307Z: vscode.window.activeTextEditor is accessed. parameters: "", response: {"viewColumn":1} 
2023-11-08T12:04:52.665Z: vscode.window.activeTextEditor is accessed. parameters: "", response: {"viewColumn":1} 
2023-11-08T12:04:53.308Z: vscode.window.activeTextEditor is accessed. parameters: "", response: {"viewColumn":1} 
2023-11-08T12:04:54.492Z: vscode.window.activeTextEditor is accessed. parameters: "", response: {"viewColumn":1} 
2023-11-08T12:04:55.176Z: vscode.window.activeTextEditor is accessed. parameters: "", response: {"viewColumn":1} 
2023-11-08T12:04:55.177Z: vscode.workspace.getWorkspaceFolder is accessed. parameters: {}, response: {"name":"vsc-test-suite","index":0} 
2023-11-08T12:04:55.177Z: vscode.workspace.getWorkspaceFolder is accessed. parameters: {}, response: {"name":"vsc-test-suite","index":0} 
2023-11-08T12:05:46.298Z: vscode.window.activeTextEditor is accessed. parameters: "", response: {"viewColumn":1} 
2023-11-08T12:05:47.201Z: vscode.window.activeTextEditor is accessed. parameters: "", response: {"viewColumn":1} 
2023-11-08T12:05:47.594Z: vscode.window.activeTextEditor is accessed. parameters: "", response: {"viewColumn":1} 
2023-11-08T12:05:48.296Z: vscode.window.activeTextEditor is accessed. parameters: "", response: {"viewColumn":1} 
2023-11-08T12:05:48.765Z: vscode.window.activeTextEditor is accessed. parameters: "", response: {"viewColumn":1} 
2023-11-08T12:05:48.765Z: vscode.workspace.getWorkspaceFolder is accessed. parameters: {}, response: {"name":"vsc-test-suite","index":0} 
2023-11-08T12:05:48.765Z: vscode.workspace.getWorkspaceFolder is accessed. parameters: {}, response: {"name":"vsc-test-suite","index":0} 
2023-11-08T12:06:46.202Z: vscode.window.activeTextEditor is accessed. parameters: "", response: {"viewColumn":1} 
2023-11-08T12:06:56.649Z: vscode.window.activeTextEditor is accessed. parameters: "", response: {"viewColumn":1} 
2023-11-08T12:06:56.650Z: vscode.workspace.getWorkspaceFolder is accessed. parameters: {}, response: {"name":"vsc-test-suite","index":0} 
2023-11-08T12:06:56.650Z: vscode.workspace.getWorkspaceFolder is accessed. parameters: {}, response: {"name":"vsc-test-suite","index":0} 
2023-11-08T12:09:10.680Z: vscode.window.activeTextEditor is accessed. parameters: "", response: {"viewColumn":1} 
2023-11-08T12:09:10.681Z: vscode.workspace.getWorkspaceFolder is accessed. parameters: {}, response: {"name":"vsc-test-suite","index":0} 
2023-11-08T12:09:10.681Z: vscode.workspace.getWorkspaceFolder is accessed. parameters: {}, response: {"name":"vsc-test-suite","index":0} 
2023-11-08T12:09:14.390Z: vscode.window.activeTextEditor is accessed. parameters: "", response: {} 
