2023-11-08T15:07:50.390Z: softwaredotcom.swdc-vscode2023-11-08T15:07:50.489Z: vscode.window.createOutputChannel is accessed. parameters: {"name":"CodeTime"}, response: {"name":"CodeTime"} 
2023-11-08T15:07:50.491Z: vscode.extensions.getExtension is accessed. parameters: {"extensionId":"softwaredotcom.swdc-vscode","checkscope":"extensionsAny"}, response: {"id":"softwaredotcom.swdc-vscode","extensionPath":"c:\\Users\\********\\.vscode-oss\\extensions\\softwaredotcom.swdc-vscode-2.7.4","extensionKind":1,"isFromDifferentExtensionHost":false} 
2023-11-08T15:07:50.795Z: vscode.workspace.workspaceFolders is accessed. parameters: "", response: {} 
2023-11-08T15:07:50.795Z: vscode.workspace.workspaceFolders is accessed. parameters: "", response: {} 
2023-11-08T15:07:50.795Z: vscode.extensions.getExtension is accessed. parameters: {"extensionId":"softwaredotcom.swdc-vscode","checkscope":"extensionsAny"}, response: {"id":"softwaredotcom.swdc-vscode","extensionPath":"c:\\Users\\********\\.vscode-oss\\extensions\\softwaredotcom.swdc-vscode-2.7.4","extensionKind":1,"isFromDifferentExtensionHost":false} 
2023-11-08T15:07:50.795Z: vscode.workspace.workspaceFolders is accessed. parameters: "", response: {} 
2023-11-08T15:07:50.795Z: vscode.workspace.workspaceFolders is accessed. parameters: "", response: {} 
2023-11-08T15:07:50.797Z: vscode.workspace.createFileSystemWatcher is accessed. parameters: {}, response: {"g":0} 
2023-11-08T15:07:50.802Z: vscode.window.registerWebviewViewProvider is accessed. parameters: {"viewId":"codetime.webView"}, response: {} 
2023-11-08T15:07:50.801Z: vscode.commands.registerCommand is accessed. parameters: {"id":"codetime.softwareKpmDashboard"}, response: {} 
2023-11-08T15:07:50.796Z: vscode.workspace.createFileSystemWatcher is accessed. parameters: {}, response: {"g":0} 
2023-11-08T15:07:50.803Z: vscode.commands.registerCommand is accessed. parameters: {"id":"codetime.displaySidebar"}, response: {} 
2023-11-08T15:07:50.803Z: vscode.commands.registerCommand is accessed. parameters: {"id":"codetime.toggleStatusBar"}, response: {} 
2023-11-08T15:07:50.803Z: vscode.commands.registerCommand is accessed. parameters: {"id":"codetime.switchAccount"}, response: {} 
2023-11-08T15:07:50.803Z: vscode.commands.registerCommand is accessed. parameters: {"id":"codetime.codeTimeLogin"}, response: {} 
2023-11-08T15:07:50.803Z: vscode.commands.registerCommand is accessed. parameters: {"id":"codetime.codeTimeSignup"}, response: {} 
2023-11-08T15:07:50.803Z: vscode.commands.registerCommand is accessed. parameters: {"id":"codetime.registerAccount"}, response: {} 
2023-11-08T15:07:50.803Z: vscode.commands.registerCommand is accessed. parameters: {"id":"codetime.login"}, response: {} 
2023-11-08T15:07:50.804Z: vscode.commands.registerCommand is accessed. parameters: {"id":"codetime.googleLogin"}, response: {} 
2023-11-08T15:07:50.804Z: vscode.commands.registerCommand is accessed. parameters: {"id":"codetime.githubLogin"}, response: {} 
2023-11-08T15:07:50.804Z: vscode.commands.registerCommand is accessed. parameters: {"id":"codetime.submitAnIssue"}, response: {} 
2023-11-08T15:07:50.804Z: vscode.commands.registerCommand is accessed. parameters: {"id":"codetime.displayReadme"}, response: {} 
2023-11-08T15:07:50.804Z: vscode.commands.registerCommand is accessed. parameters: {"id":"codetime.viewProjectReports"}, response: {} 
2023-11-08T15:07:50.804Z: vscode.commands.registerCommand is accessed. parameters: {"id":"codetime.viewDashboard"}, response: {} 
2023-11-08T15:07:50.804Z: vscode.commands.registerCommand is accessed. parameters: {"id":"codetime.connectSlack"}, response: {} 
2023-11-08T15:07:50.804Z: vscode.commands.registerCommand is accessed. parameters: {"id":"codetime.disconnectSlackWorkspace"}, response: {} 
2023-11-08T15:07:50.805Z: vscode.commands.registerCommand is accessed. parameters: {"id":"codetime.enableFlowMode"}, response: {} 
2023-11-08T15:07:50.805Z: vscode.commands.registerCommand is accessed. parameters: {"id":"codetime.exitFlowMode"}, response: {} 
2023-11-08T15:07:50.805Z: vscode.commands.registerCommand is accessed. parameters: {"id":"codetime.skipSlackConnect"}, response: {} 
2023-11-08T15:07:50.805Z: vscode.commands.registerCommand is accessed. parameters: {"id":"codetime.manageSlackConnection"}, response: {} 
2023-11-08T15:07:50.805Z: vscode.commands.registerCommand is accessed. parameters: {"id":"codetime.updateViewMetrics"}, response: {} 
2023-11-08T15:07:50.802Z: vscode.commands.registerCommand is accessed. parameters: {"id":"codetime.refreshCodeTimeView"}, response: {} 
2023-11-08T15:07:50.805Z: vscode.commands.registerCommand is accessed. parameters: {"id":"codetime.configureSettings"}, response: {} 
2023-11-08T15:07:50.805Z: vscode.commands.registerCommand is accessed. parameters: {"id":"codetime.updateSidebarSettings"}, response: {} 
2023-11-08T15:07:50.795Z: vscode.workspace.workspaceFolders is accessed. parameters: "", response: {} 
2023-11-08T15:07:50.806Z: vscode.commands.registerCommand is accessed. parameters: {"id":"codetime.createOrg"}, response: {} 
2023-11-08T15:07:50.806Z: vscode.commands.registerCommand is accessed. parameters: {"id":"codetime.showOrgDashboard"}, response: {} 
2023-11-08T15:07:50.806Z: vscode.commands.registerCommand is accessed. parameters: {"id":"codetime.displayFlowModeInfo"}, response: {} 
2023-11-08T15:07:50.805Z: vscode.commands.registerCommand is accessed. parameters: {"id":"codetime.closeSettings"}, response: {} 
2023-11-08T15:07:50.806Z: vscode.commands.registerCommand is accessed. parameters: {"id":"codetime.updateSettings"}, response: {} 
2023-11-08T15:07:51.956Z: vscode.extensions.getExtension is accessed. parameters: {"extensionId":"softwaredotcom.swdc-vscode","checkscope":"extensionsAny"}, response: {"id":"softwaredotcom.swdc-vscode","extensionPath":"c:\\Users\\********\\.vscode-oss\\extensions\\softwaredotcom.swdc-vscode-2.7.4","extensionKind":1,"isFromDifferentExtensionHost":false} 
2023-11-08T15:07:51.958Z: vscode.extensions.getExtension is accessed. parameters: {"extensionId":"softwaredotcom.swdc-vscode","checkscope":"extensionsAny"}, response: {"id":"softwaredotcom.swdc-vscode","extensionPath":"c:\\Users\\********\\.vscode-oss\\extensions\\softwaredotcom.swdc-vscode-2.7.4","extensionKind":1,"isFromDifferentExtensionHost":false} 
2023-11-08T15:07:53.382Z: vscode.commands.executeCommand is accessed. parameters: {"id":"markdown.showPreview"}, response: {} 
2023-11-08T15:07:53.384Z: vscode.window.createStatusBarItem is accessed. parameters: {"alignmentOrId":2,"priorityOrAlignment":10}, response: {"i":false,"k":"","c":"1","g":2,"h":10} 
2023-11-08T15:07:53.390Z: vscode.window.createStatusBarItem is accessed. parameters: {"alignmentOrId":2,"priorityOrAlignment":9}, response: {"i":false,"k":"","c":"2","g":2,"h":9} 
2023-11-08T15:07:53.394Z: vscode.workspace.workspaceFolders is accessed. parameters: "", response: {} 
2023-11-08T15:07:53.394Z: vscode.workspace.workspaceFolders is accessed. parameters: "", response: {} 
2023-11-08T15:07:53.394Z: vscode.workspace.workspaceFolders is accessed. parameters: "", response: {} 
2023-11-08T15:07:53.394Z: vscode.workspace.workspaceFolders is accessed. parameters: "", response: {} 
2023-11-08T15:07:53.394Z: vscode.workspace.workspaceFolders is accessed. parameters: "", response: {} 
2023-11-08T15:07:55.576Z: vscode.commands.executeCommand is accessed. parameters: {"id":"workbench.view.extension.code-time-sidebar"}, response: {} 
2023-11-08T15:07:55.576Z: vscode.commands.executeCommand is accessed. parameters: {"id":"codetime.displaySidebar"}, response: {} 
2023-11-08T15:07:56.420Z: vscode.workspace.onDidOpenTextDocument is accessed. parameters: {}, response: {} 
2023-11-08T15:07:56.420Z: vscode.workspace.onDidSaveTextDocument is accessed. parameters: {}, response: {} 
2023-11-08T15:07:56.420Z: SPEC: vscode.workspace.onDidChangeTextDocument is accessed. parameters: {}, response: {} 
2023-11-08T15:07:56.420Z: vscode.window.onDidChangeWindowState is accessed. parameters: {}, response: {} 
2023-11-08T15:07:56.421Z: vscode.window.onDidChangeActiveColorTheme is accessed. parameters: {}, response: {} 
2023-11-08T15:07:56.420Z: vscode.workspace.onDidCloseTextDocument is accessed. parameters: {}, response: {} 
2023-11-08T15:07:57.596Z: vscode.commands.executeCommand is accessed. parameters: {"id":"codetime.refreshCodeTimeView"}, response: {} 
2023-11-08T15:08:41.663Z: vscode.workspace.workspaceFolders is accessed. parameters: "", response: {} 
2023-11-08T15:08:41.663Z: vscode.workspace.workspaceFolders is accessed. parameters: "", response: {} 
2023-11-08T15:08:41.663Z: vscode.workspace.workspaceFolders is accessed. parameters: "", response: {} 
2023-11-08T15:08:41.663Z: vscode.workspace.workspaceFolders is accessed. parameters: "", response: {} 
2023-11-08T15:08:41.663Z: vscode.workspace.workspaceFolders is accessed. parameters: "", response: {} 
2023-11-08T15:09:35.245Z: vscode.workspace.workspaceFolders is accessed. parameters: "", response: {} 
2023-11-08T15:09:35.245Z: vscode.workspace.workspaceFolders is accessed. parameters: "", response: {} 
2023-11-08T15:09:35.245Z: vscode.workspace.workspaceFolders is accessed. parameters: "", response: {} 
2023-11-08T15:09:35.245Z: vscode.workspace.workspaceFolders is accessed. parameters: "", response: {} 
2023-11-08T15:09:35.245Z: vscode.workspace.workspaceFolders is accessed. parameters: "", response: {} 
2023-11-08T15:09:36.615Z: vscode.workspace.workspaceFolders is accessed. parameters: "", response: {} 
2023-11-08T15:09:36.616Z: vscode.workspace.workspaceFolders is accessed. parameters: "", response: {} 
2023-11-08T15:09:36.616Z: vscode.workspace.workspaceFolders is accessed. parameters: "", response: {} 
2023-11-08T15:09:36.616Z: vscode.workspace.workspaceFolders is accessed. parameters: "", response: {} 
2023-11-08T15:09:36.616Z: vscode.workspace.workspaceFolders is accessed. parameters: "", response: {} 
2023-11-08T15:09:36.689Z: vscode.workspace.workspaceFolders is accessed. parameters: "", response: {} 
2023-11-08T15:09:36.689Z: vscode.workspace.workspaceFolders is accessed. parameters: "", response: {} 
2023-11-08T15:09:40.571Z: vscode.workspace.workspaceFolders is accessed. parameters: "", response: {} 
2023-11-08T15:09:40.571Z: vscode.workspace.workspaceFolders is accessed. parameters: "", response: {} 
2023-11-08T15:09:40.571Z: vscode.workspace.workspaceFolders is accessed. parameters: "", response: {} 
2023-11-08T15:09:40.571Z: vscode.workspace.workspaceFolders is accessed. parameters: "", response: {} 
2023-11-08T15:09:40.571Z: vscode.workspace.workspaceFolders is accessed. parameters: "", response: {} 
2023-11-08T15:09:41.228Z: vscode.workspace.workspaceFolders is accessed. parameters: "", response: {} 
2023-11-08T15:09:41.228Z: vscode.workspace.workspaceFolders is accessed. parameters: "", response: {} 
2023-11-08T15:09:41.228Z: vscode.workspace.workspaceFolders is accessed. parameters: "", response: {} 
2023-11-08T15:09:41.229Z: vscode.workspace.workspaceFolders is accessed. parameters: "", response: {} 
2023-11-08T15:09:41.229Z: vscode.workspace.workspaceFolders is accessed. parameters: "", response: {} 
2023-11-08T15:10:14.202Z: vscode.workspace.workspaceFolders is accessed. parameters: "", response: {} 
2023-11-08T15:10:14.202Z: vscode.workspace.workspaceFolders is accessed. parameters: "", response: {} 
2023-11-08T15:10:14.202Z: vscode.workspace.workspaceFolders is accessed. parameters: "", response: {} 
2023-11-08T15:10:14.202Z: vscode.workspace.workspaceFolders is accessed. parameters: "", response: {} 
2023-11-08T15:10:14.202Z: vscode.workspace.workspaceFolders is accessed. parameters: "", response: {} 
2023-11-08T15:10:16.153Z: vscode.workspace.workspaceFolders is accessed. parameters: "", response: {} 
2023-11-08T15:10:16.154Z: vscode.workspace.workspaceFolders is accessed. parameters: "", response: {} 
2023-11-08T15:10:16.154Z: vscode.workspace.workspaceFolders is accessed. parameters: "", response: {} 
2023-11-08T15:10:16.154Z: vscode.workspace.workspaceFolders is accessed. parameters: "", response: {} 
2023-11-08T15:10:16.154Z: vscode.workspace.workspaceFolders is accessed. parameters: "", response: {} 
2023-11-08T15:10:21.406Z: vscode.workspace.workspaceFolders is accessed. parameters: "", response: {} 
2023-11-08T15:10:21.406Z: vscode.workspace.workspaceFolders is accessed. parameters: "", response: {} 
2023-11-08T15:10:21.406Z: vscode.workspace.workspaceFolders is accessed. parameters: "", response: {} 
2023-11-08T15:10:21.406Z: vscode.workspace.workspaceFolders is accessed. parameters: "", response: {} 
2023-11-08T15:10:21.406Z: vscode.workspace.workspaceFolders is accessed. parameters: "", response: {} 
2023-11-08T15:10:30.072Z: vscode.window.showQuickPick is accessed. parameters: {}, response: {} 
2023-11-08T15:10:30.072Z: vscode.commands.executeCommand is accessed. parameters: {"id":"codetime.registerAccount"}, response: {} 
2023-11-08T15:10:32.614Z: vscode.commands.executeCommand is accessed. parameters: {"id":"codetime.codeTimeSignup"}, response: {} 
2023-11-08T15:10:32.612Z: vscode.extensions.getExtension is accessed. parameters: {"extensionId":"softwaredotcom.swdc-vscode","checkscope":"extensionsAny"}, response: {"id":"softwaredotcom.swdc-vscode","extensionPath":"c:\\Users\\********\\.vscode-oss\\extensions\\softwaredotcom.swdc-vscode-2.7.4","extensionKind":1,"isFromDifferentExtensionHost":false} 
2023-11-08T15:10:34.007Z: vscode.workspace.workspaceFolders is accessed. parameters: "", response: {} 
2023-11-08T15:10:34.008Z: vscode.workspace.workspaceFolders is accessed. parameters: "", response: {} 
2023-11-08T15:10:34.008Z: vscode.workspace.workspaceFolders is accessed. parameters: "", response: {} 
2023-11-08T15:10:34.008Z: vscode.workspace.workspaceFolders is accessed. parameters: "", response: {} 
2023-11-08T15:10:34.008Z: vscode.workspace.workspaceFolders is accessed. parameters: "", response: {} 
2023-11-08T15:11:16.626Z: vscode.workspace.workspaceFolders is accessed. parameters: "", response: {} 
2023-11-08T15:11:16.626Z: vscode.workspace.workspaceFolders is accessed. parameters: "", response: {} 
2023-11-08T15:11:16.626Z: vscode.workspace.workspaceFolders is accessed. parameters: "", response: {} 
2023-11-08T15:11:16.626Z: vscode.workspace.workspaceFolders is accessed. parameters: "", response: {} 
2023-11-08T15:11:16.626Z: vscode.workspace.workspaceFolders is accessed. parameters: "", response: {} 
2023-11-08T15:14:31.015Z: vscode.window.showInformationMessage is accessed. parameters: {"message":"Successfully logged on to Code Time"}, response: {} 
2023-11-08T15:14:31.023Z: vscode.extensions.getExtension is accessed. parameters: {"extensionId":"softwaredotcom.swdc-vscode","checkscope":"extensionsAny"}, response: {"id":"softwaredotcom.swdc-vscode","extensionPath":"c:\\Users\\********\\.vscode-oss\\extensions\\softwaredotcom.swdc-vscode-2.7.4","extensionKind":1,"isFromDifferentExtensionHost":false} 
2023-11-08T15:14:31.654Z: vscode.extensions.getExtension is accessed. parameters: {"extensionId":"softwaredotcom.music-time","checkscope":"extensionsAny"}, response: undefined 
2023-11-08T15:14:31.654Z: vscode.extensions.getExtension is accessed. parameters: {"extensionId":"softwaredotcom.editor-ops","checkscope":"extensionsAny"}, response: undefined 
2023-11-08T15:14:31.661Z: vscode.commands.executeCommand is accessed. parameters: {"id":"codetime.refreshCodeTimeView"}, response: {} 
2023-11-08T15:14:33.651Z: vscode.commands.executeCommand is accessed. parameters: {"id":"codetime.refreshCodeTimeView"}, response: {} 
2023-11-08T15:14:39.250Z: vscode.workspace.workspaceFolders is accessed. parameters: "", response: {} 
2023-11-08T15:14:39.250Z: vscode.workspace.workspaceFolders is accessed. parameters: "", response: {} 
2023-11-08T15:14:39.250Z: vscode.workspace.workspaceFolders is accessed. parameters: "", response: {} 
2023-11-08T15:14:39.250Z: vscode.workspace.workspaceFolders is accessed. parameters: "", response: {} 
2023-11-08T15:14:39.250Z: vscode.workspace.workspaceFolders is accessed. parameters: "", response: {} 
2023-11-08T15:14:42.921Z: vscode.commands.executeCommand is accessed. parameters: {"id":"codetime.refreshCodeTimeView"}, response: {} 
2023-11-08T15:14:42.921Z: vscode.commands.executeCommand is accessed. parameters: {"id":"codetime.skipSlackConnect"}, response: {} 
2023-11-08T15:14:47.821Z: vscode.commands.executeCommand is accessed. parameters: {"id":"codetime.enableFlowMode"}, response: {} 
2023-11-08T15:14:47.821Z: vscode.window.withProgress is accessed. parameters: {}, response: {} 
2023-11-08T15:14:48.372Z: vscode.commands.executeCommand is accessed. parameters: {"id":"codetime.refreshCodeTimeView"}, response: {} 
2023-11-08T15:14:50.372Z: vscode.commands.executeCommand is accessed. parameters: {"id":"codetime.refreshCodeTimeView"}, response: {} 
2023-11-08T15:14:50.871Z: vscode.workspace.workspaceFolders is accessed. parameters: "", response: {} 
2023-11-08T15:14:50.871Z: vscode.workspace.workspaceFolders is accessed. parameters: "", response: {} 
2023-11-08T15:14:50.871Z: vscode.workspace.workspaceFolders is accessed. parameters: "", response: {} 
2023-11-08T15:14:50.871Z: vscode.workspace.workspaceFolders is accessed. parameters: "", response: {} 
2023-11-08T15:14:50.871Z: vscode.workspace.workspaceFolders is accessed. parameters: "", response: {} 
2023-11-08T15:15:11.706Z: vscode.workspace.workspaceFolders is accessed. parameters: "", response: {} 
2023-11-08T15:15:11.706Z: vscode.workspace.workspaceFolders is accessed. parameters: "", response: {} 
2023-11-08T15:15:11.706Z: vscode.workspace.workspaceFolders is accessed. parameters: "", response: {} 
2023-11-08T15:15:11.706Z: vscode.workspace.workspaceFolders is accessed. parameters: "", response: {} 
2023-11-08T15:15:11.706Z: vscode.workspace.workspaceFolders is accessed. parameters: "", response: {} 
2023-11-08T15:15:14.492Z: vscode.window.createWebviewPanel is accessed. parameters: {"viewType":"dashboard","title":"Dashboard","showOptions":1}, response: {} 
2023-11-08T15:15:14.495Z: vscode.window.withProgress is accessed. parameters: {}, response: {} 
2023-11-08T15:15:14.496Z: vscode.commands.executeCommand is accessed. parameters: {"id":"codetime.viewDashboard"}, response: {} 
2023-11-08T15:15:59.850Z: vscode.workspace.workspaceFolders is accessed. parameters: "", response: {} 
2023-11-08T15:15:59.850Z: vscode.workspace.workspaceFolders is accessed. parameters: "", response: {} 
2023-11-08T15:15:59.850Z: vscode.workspace.workspaceFolders is accessed. parameters: "", response: {} 
2023-11-08T15:15:59.850Z: vscode.workspace.workspaceFolders is accessed. parameters: "", response: {} 
2023-11-08T15:15:59.850Z: vscode.workspace.workspaceFolders is accessed. parameters: "", response: {} 
2023-11-08T15:16:05.444Z: vscode.workspace.workspaceFolders is accessed. parameters: "", response: {} 
2023-11-08T15:16:05.444Z: vscode.workspace.workspaceFolders is accessed. parameters: "", response: {} 
2023-11-08T15:16:05.444Z: vscode.workspace.workspaceFolders is accessed. parameters: "", response: {} 
2023-11-08T15:16:05.444Z: vscode.workspace.workspaceFolders is accessed. parameters: "", response: {} 
2023-11-08T15:16:05.444Z: vscode.workspace.workspaceFolders is accessed. parameters: "", response: {} 
2023-11-08T15:16:11.006Z: vscode.workspace.workspaceFolders is accessed. parameters: "", response: {} 
2023-11-08T15:16:11.006Z: vscode.workspace.workspaceFolders is accessed. parameters: "", response: {} 
2023-11-08T15:16:11.006Z: vscode.workspace.workspaceFolders is accessed. parameters: "", response: {} 
2023-11-08T15:16:11.006Z: vscode.workspace.workspaceFolders is accessed. parameters: "", response: {} 
2023-11-08T15:16:11.006Z: vscode.workspace.workspaceFolders is accessed. parameters: "", response: {} 
2023-11-08T15:16:11.323Z: vscode.workspace.workspaceFolders is accessed. parameters: "", response: {} 
2023-11-08T15:16:11.323Z: vscode.workspace.workspaceFolders is accessed. parameters: "", response: {} 
2023-11-08T15:16:11.323Z: vscode.workspace.workspaceFolders is accessed. parameters: "", response: {} 
2023-11-08T15:16:11.323Z: vscode.workspace.workspaceFolders is accessed. parameters: "", response: {} 
2023-11-08T15:16:11.323Z: vscode.workspace.workspaceFolders is accessed. parameters: "", response: {} 
2023-11-08T15:17:21.014Z: vscode.workspace.workspaceFolders is accessed. parameters: "", response: {} 
2023-11-08T15:17:21.014Z: vscode.workspace.workspaceFolders is accessed. parameters: "", response: {} 
2023-11-08T15:17:21.014Z: vscode.workspace.workspaceFolders is accessed. parameters: "", response: {} 
2023-11-08T15:17:21.014Z: vscode.workspace.workspaceFolders is accessed. parameters: "", response: {} 
2023-11-08T15:17:21.014Z: vscode.workspace.workspaceFolders is accessed. parameters: "", response: {} 
