2023-11-15T00:09:00.108Z: vscode.commands.registerCommand is accessed. parameters: {"id":"extension.showWandboxSettings"}, response: {} 
2023-11-15T00:09:00.108Z: vscode.commands.registerCommand is accessed. parameters: {"id":"extension.showWandboxWeb"}, response: {} 
2023-11-15T00:09:00.108Z: vscode.commands.registerCommand is accessed. parameters: {"id":"wandbox.showSettings"}, response: {} 
2023-11-15T00:09:00.108Z: vscode.commands.registerCommand is accessed. parameters: {"id":"wandbox.showWeb"}, response: {} 
2023-11-15T00:09:00.106Z: wraith13.wandbox-vscode2023-11-15T00:09:00.109Z: vscode.commands.registerCommand is accessed. parameters: {"id":"extension.showHistory"}, response: {} 
2023-11-15T00:09:00.109Z: vscode.commands.registerCommand is accessed. parameters: {"id":"wandbox.showHistory"}, response: {} 
2023-11-15T00:09:00.109Z: vscode.commands.registerCommand is accessed. parameters: {"id":"extension.showWandboxListJson"}, response: {} 
2023-11-15T00:09:00.109Z: vscode.commands.registerCommand is accessed. parameters: {"id":"wandbox.showListJson"}, response: {} 
2023-11-15T00:09:00.109Z: vscode.commands.registerCommand is accessed. parameters: {"id":"extension.clearHistory"}, response: {} 
2023-11-15T00:09:00.109Z: vscode.commands.registerCommand is accessed. parameters: {"id":"wandbox.clearHistory"}, response: {} 
2023-11-15T00:09:00.110Z: vscode.commands.registerCommand is accessed. parameters: {"id":"extension.setWandboxFileCompiler"}, response: {} 
2023-11-15T00:09:00.110Z: vscode.commands.registerCommand is accessed. parameters: {"id":"wandbox.setFileServer"}, response: {} 
2023-11-15T00:09:00.110Z: vscode.commands.registerCommand is accessed. parameters: {"id":"extension.setWandboxFileServer"}, response: {} 
2023-11-15T00:09:00.110Z: vscode.commands.registerCommand is accessed. parameters: {"id":"wandbox.setFileCompiler"}, response: {} 
2023-11-15T00:09:00.110Z: vscode.commands.registerCommand is accessed. parameters: {"id":"extension.setWandboxFileOptions"}, response: {} 
2023-11-15T00:09:00.110Z: vscode.commands.registerCommand is accessed. parameters: {"id":"wandbox.setFileOptions"}, response: {} 
2023-11-15T00:09:00.110Z: vscode.commands.registerCommand is accessed. parameters: {"id":"wandbox.setFileSettingJson"}, response: {} 
2023-11-15T00:09:00.111Z: vscode.commands.registerCommand is accessed. parameters: {"id":"extension.resetWandboxFileSettings"}, response: {} 
2023-11-15T00:09:00.111Z: vscode.commands.registerCommand is accessed. parameters: {"id":"wandbox.resetFileSettings"}, response: {} 
2023-11-15T00:09:00.110Z: vscode.commands.registerCommand is accessed. parameters: {"id":"extension.setWandboxFileSettingJson"}, response: {} 
2023-11-15T00:09:00.111Z: vscode.commands.registerCommand is accessed. parameters: {"id":"extension.invokeWandbox"}, response: {} 
2023-11-15T00:09:00.111Z: vscode.commands.registerCommand is accessed. parameters: {"id":"wandbox.run"}, response: {} 
2023-11-15T00:09:00.111Z: vscode.commands.registerCommand is accessed. parameters: {"id":"extension.shareWandbox"}, response: {} 
2023-11-15T00:09:00.111Z: vscode.commands.registerCommand is accessed. parameters: {"id":"wandbox.share"}, response: {} 
2023-11-15T00:09:00.111Z: vscode.commands.registerCommand is accessed. parameters: {"id":"wandbox.new"}, response: {} 
2023-11-15T00:09:00.111Z: vscode.commands.registerCommand is accessed. parameters: {"id":"extension.helloWandbox"}, response: {} 
2023-11-15T00:09:00.111Z: vscode.commands.registerCommand is accessed. parameters: {"id":"wandbox.hello"}, response: {} 
2023-11-15T00:09:00.111Z: vscode.workspace.onDidCloseTextDocument is accessed. parameters: {}, response: {} 
2023-11-15T00:09:00.119Z: vscode.workspace.getConfiguration is accessed. parameters: {"section":"wandbox"}, response: {"simplifyPostData":true,"autoOpenShareUrl":true,"outputChannelName":"Wandbox","maxHistorySize":256} 
2023-11-15T00:09:00.120Z: vscode.window.createOutputChannel is accessed. parameters: {"name":"Wandbox"}, response: {"name":"Wandbox"} 
2023-11-15T00:09:00.121Z: vscode.extensions.getExtension is accessed. parameters: {"extensionId":"wraith13.wandbox-vscode","checkscope":"extensionsAny"}, response: {"id":"wraith13.wandbox-vscode","extensionPath":"c:\\Users\\********\\.vscode-oss\\extensions\\wraith13.wandbox-vscode-3.0.1","extensionKind":1,"isFromDifferentExtensionHost":false} 
2023-11-15T00:09:00.120Z: vscode.workspace.getConfiguration is accessed. parameters: {"section":"wandbox"}, response: {"simplifyPostData":true,"autoOpenShareUrl":true,"outputChannelName":"Wandbox","maxHistorySize":256} 
2023-11-15T00:09:00.121Z: vscode.workspace.getConfiguration is accessed. parameters: {"section":"wandbox"}, response: {"simplifyPostData":true,"autoOpenShareUrl":true,"outputChannelName":"Wandbox","maxHistorySize":256} 
2023-11-15T00:09:00.123Z: vscode.window.showQuickPick is accessed. parameters: {}, response: {} 
2023-11-15T00:09:00.167Z: vscode.workspace.textDocuments is accessed. parameters: "", response: {} 
2023-11-15T00:09:05.292Z: vscode.workspace.getConfiguration is accessed. parameters: {"section":"wandbox"}, response: {"simplifyPostData":true,"autoOpenShareUrl":true,"outputChannelName":"Wandbox","maxHistorySize":256} 
2023-11-15T00:09:05.295Z: vscode.window.activeTextEditor is accessed. parameters: "", response: {} 
2023-11-15T00:09:05.295Z: vscode.workspace.getConfiguration is accessed. parameters: {"section":"wandbox"}, response: {"simplifyPostData":true,"autoOpenShareUrl":true,"outputChannelName":"Wandbox","maxHistorySize":256} 
2023-11-15T00:09:05.294Z: vscode.workspace.getConfiguration is accessed. parameters: {"section":"wandbox"}, response: {"simplifyPostData":true,"autoOpenShareUrl":true,"outputChannelName":"Wandbox","maxHistorySize":256} 
2023-11-15T00:09:05.295Z: vscode.window.activeTextEditor is accessed. parameters: "", response: {} 
2023-11-15T00:09:05.295Z: vscode.workspace.getConfiguration is accessed. parameters: {"section":"wandbox"}, response: {"simplifyPostData":true,"autoOpenShareUrl":true,"outputChannelName":"Wandbox","maxHistorySize":256} 
2023-11-15T00:09:06.645Z: vscode.window.activeTextEditor is accessed. parameters: "", response: {} 
2023-11-15T00:09:06.645Z: vscode.workspace.getConfiguration is accessed. parameters: {"section":"wandbox"}, response: {"simplifyPostData":true,"autoOpenShareUrl":true,"outputChannelName":"Wandbox","maxHistorySize":256} 
2023-11-15T00:09:06.648Z: vscode.window.activeTextEditor is accessed. parameters: "", response: {} 
2023-11-15T00:09:06.649Z: vscode.workspace.getConfiguration is accessed. parameters: {"section":"wandbox"}, response: {"simplifyPostData":true,"autoOpenShareUrl":true,"outputChannelName":"Wandbox","maxHistorySize":256} 
2023-11-15T00:09:06.649Z: vscode.workspace.getConfiguration is accessed. parameters: {"section":"wandbox"}, response: {"simplifyPostData":true,"autoOpenShareUrl":true,"outputChannelName":"Wandbox","maxHistorySize":256} 
2023-11-15T00:09:06.649Z: vscode.workspace.getConfiguration is accessed. parameters: {"section":"wandbox"}, response: {"simplifyPostData":true,"autoOpenShareUrl":true,"outputChannelName":"Wandbox","maxHistorySize":256} 
2023-11-15T00:09:06.650Z: vscode.workspace.getConfiguration is accessed. parameters: {"section":"wandbox"}, response: {"simplifyPostData":true,"autoOpenShareUrl":true,"outputChannelName":"Wandbox","maxHistorySize":256} 
2023-11-15T00:09:06.651Z: vscode.workspace.getConfiguration is accessed. parameters: {"section":"wandbox"}, response: {"simplifyPostData":true,"autoOpenShareUrl":true,"outputChannelName":"Wandbox","maxHistorySize":256} 
2023-11-15T00:09:06.650Z: vscode.window.activeTextEditor is accessed. parameters: "", response: {} 
2023-11-15T00:09:06.650Z: vscode.workspace.getConfiguration is accessed. parameters: {"section":"wandbox"}, response: {"simplifyPostData":true,"autoOpenShareUrl":true,"outputChannelName":"Wandbox","maxHistorySize":256} 
2023-11-15T00:09:06.653Z: vscode.workspace.openTextDocument is accessed. parameters: {}, response: {} 
2023-11-15T00:09:12.624Z: vscode.workspace.textDocuments is accessed. parameters: "", response: {} 
2023-11-15T00:09:23.001Z: vscode.workspace.getConfiguration is accessed. parameters: {"section":"wandbox"}, response: {"simplifyPostData":true,"autoOpenShareUrl":true,"outputChannelName":"Wandbox","maxHistorySize":256} 
2023-11-15T00:09:34.738Z: vscode.workspace.getConfiguration is accessed. parameters: {"section":"wandbox"}, response: {"simplifyPostData":true,"autoOpenShareUrl":true,"outputChannelName":"Wandbox","maxHistorySize":256} 
2023-11-15T00:09:34.738Z: vscode.workspace.getConfiguration is accessed. parameters: {"section":"wandbox"}, response: {"simplifyPostData":true,"autoOpenShareUrl":true,"outputChannelName":"Wandbox","maxHistorySize":256} 
2023-11-15T00:09:34.738Z: vscode.window.activeTextEditor is accessed. parameters: "", response: {"viewColumn":1} 
2023-11-15T00:09:34.739Z: vscode.commands.executeCommand is accessed. parameters: {"id":"vscode.open"}, response: {} 
2023-11-15T00:09:45.845Z: vscode.workspace.getConfiguration is accessed. parameters: {"section":"wandbox"}, response: {"simplifyPostData":true,"autoOpenShareUrl":true,"outputChannelName":"Wandbox","maxHistorySize":256} 
2023-11-15T00:09:45.847Z: vscode.window.activeTextEditor is accessed. parameters: "", response: {"viewColumn":1} 
2023-11-15T00:09:45.846Z: vscode.window.activeTextEditor is accessed. parameters: "", response: {"viewColumn":1} 
2023-11-15T00:09:45.847Z: vscode.workspace.getConfiguration is accessed. parameters: {"section":"wandbox"}, response: {"simplifyPostData":true,"autoOpenShareUrl":true,"outputChannelName":"Wandbox","maxHistorySize":256} 
2023-11-15T00:09:45.847Z: vscode.workspace.getConfiguration is accessed. parameters: {"section":"wandbox"}, response: {"simplifyPostData":true,"autoOpenShareUrl":true,"outputChannelName":"Wandbox","maxHistorySize":256} 
2023-11-15T00:09:45.847Z: vscode.workspace.getConfiguration is accessed. parameters: {"section":"wandbox"}, response: {"simplifyPostData":true,"autoOpenShareUrl":true,"outputChannelName":"Wandbox","maxHistorySize":256} 
2023-11-15T00:09:45.848Z: vscode.workspace.getConfiguration is accessed. parameters: {"section":"wandbox"}, response: {"simplifyPostData":true,"autoOpenShareUrl":true,"outputChannelName":"Wandbox","maxHistorySize":256} 
2023-11-15T00:09:45.848Z: vscode.workspace.getConfiguration is accessed. parameters: {"section":"wandbox"}, response: {"simplifyPostData":true,"autoOpenShareUrl":true,"outputChannelName":"Wandbox","maxHistorySize":256} 
2023-11-15T00:09:45.849Z: vscode.window.showQuickPick is accessed. parameters: {}, response: {} 
2023-11-15T00:10:00.790Z: vscode.workspace.getConfiguration is accessed. parameters: {"section":"wandbox"}, response: {"simplifyPostData":true,"autoOpenShareUrl":true,"outputChannelName":"Wandbox","maxHistorySize":256} 
2023-11-15T00:10:00.790Z: vscode.window.activeTextEditor is accessed. parameters: "", response: {"viewColumn":1} 
2023-11-15T00:10:00.792Z: vscode.window.activeTextEditor is accessed. parameters: "", response: {"viewColumn":1} 
2023-11-15T00:10:00.792Z: vscode.workspace.getConfiguration is accessed. parameters: {"section":"wandbox"}, response: {"simplifyPostData":true,"autoOpenShareUrl":true,"outputChannelName":"Wandbox","maxHistorySize":256} 
2023-11-15T00:10:00.791Z: vscode.window.activeTextEditor is accessed. parameters: "", response: {"viewColumn":1} 
2023-11-15T00:10:00.792Z: vscode.workspace.getConfiguration is accessed. parameters: {"section":"wandbox"}, response: {"simplifyPostData":true,"autoOpenShareUrl":true,"outputChannelName":"Wandbox","maxHistorySize":256} 
2023-11-15T00:10:00.793Z: vscode.workspace.getConfiguration is accessed. parameters: {"section":"wandbox"}, response: {"simplifyPostData":true,"autoOpenShareUrl":true,"outputChannelName":"Wandbox","maxHistorySize":256} 
2023-11-15T00:10:00.794Z: vscode.workspace.getConfiguration is accessed. parameters: {"section":"wandbox"}, response: {"simplifyPostData":true,"autoOpenShareUrl":true,"outputChannelName":"Wandbox","maxHistorySize":256} 
2023-11-15T00:10:00.795Z: vscode.workspace.getConfiguration is accessed. parameters: {"section":"wandbox"}, response: {"simplifyPostData":true,"autoOpenShareUrl":true,"outputChannelName":"Wandbox","maxHistorySize":256} 
2023-11-15T00:10:00.795Z: vscode.workspace.getConfiguration is accessed. parameters: {"section":"wandbox"}, response: {"simplifyPostData":true,"autoOpenShareUrl":true,"outputChannelName":"Wandbox","maxHistorySize":256} 
2023-11-15T00:10:00.794Z: vscode.window.activeTextEditor is accessed. parameters: "", response: {"viewColumn":1} 
2023-11-15T00:10:00.796Z: vscode.workspace.getConfiguration is accessed. parameters: {"section":"wandbox"}, response: {"simplifyPostData":true,"autoOpenShareUrl":true,"outputChannelName":"Wandbox","maxHistorySize":256} 
2023-11-15T00:10:00.795Z: vscode.window.activeTextEditor is accessed. parameters: "", response: {"viewColumn":1} 
2023-11-15T00:10:00.796Z: vscode.window.activeTextEditor is accessed. parameters: "", response: {"viewColumn":1} 
2023-11-15T00:10:00.796Z: vscode.workspace.getConfiguration is accessed. parameters: {"section":"wandbox"}, response: {"simplifyPostData":true,"autoOpenShareUrl":true,"outputChannelName":"Wandbox","maxHistorySize":256} 
2023-11-15T00:10:00.798Z: vscode.workspace.getConfiguration is accessed. parameters: {"section":"wandbox"}, response: {"simplifyPostData":true,"autoOpenShareUrl":true,"outputChannelName":"Wandbox","maxHistorySize":256} 
2023-11-15T00:10:00.797Z: vscode.window.activeTextEditor is accessed. parameters: "", response: {"viewColumn":1} 
2023-11-15T00:10:00.796Z: vscode.workspace.getConfiguration is accessed. parameters: {"section":"wandbox"}, response: {"simplifyPostData":true,"autoOpenShareUrl":true,"outputChannelName":"Wandbox","maxHistorySize":256} 
2023-11-15T00:10:01.746Z: vscode.workspace.getConfiguration is accessed. parameters: {"section":"wandbox"}, response: {"simplifyPostData":true,"autoOpenShareUrl":true,"outputChannelName":"Wandbox","maxHistorySize":256} 
2023-11-15T00:10:01.746Z: vscode.workspace.getConfiguration is accessed. parameters: {"section":"wandbox"}, response: {"simplifyPostData":true,"autoOpenShareUrl":true,"outputChannelName":"Wandbox","maxHistorySize":256} 
2023-11-15T00:10:01.746Z: vscode.workspace.getConfiguration is accessed. parameters: {"section":"wandbox"}, response: {"simplifyPostData":true,"autoOpenShareUrl":true,"outputChannelName":"Wandbox","maxHistorySize":256} 
2023-11-15T00:10:01.747Z: vscode.commands.executeCommand is accessed. parameters: {"id":"vscode.open"}, response: {} 
2023-11-15T00:10:01.752Z: vscode.window.activeTextEditor is accessed. parameters: "", response: {"viewColumn":1} 
2023-11-15T00:10:01.752Z: vscode.workspace.getConfiguration is accessed. parameters: {"section":"wandbox"}, response: {"simplifyPostData":true,"autoOpenShareUrl":true,"outputChannelName":"Wandbox","maxHistorySize":256} 
2023-11-15T00:10:01.760Z: vscode.workspace.getConfiguration is accessed. parameters: {"section":"wandbox"}, response: {"simplifyPostData":true,"autoOpenShareUrl":true,"outputChannelName":"Wandbox","maxHistorySize":256} 
